[2026-01-29 03:52:35] ============================================================
[2026-01-29 03:52:35] LIGHTHOUSE MACRO - MULTI-DESTINATION SYNC
[2026-01-29 03:52:35] ============================================================
[2026-01-29 03:52:35] GIT SYNC: Starting...
[2026-01-29 03:52:36] GIT SYNC: Committed: Daily pipeline sync 2026-01-29 03:52
[2026-01-29 03:52:36] GIT SYNC: Push failed: To https://github.com/bobsheehan23/lhm.git
 ! [rejected]        main -> main (fetch first)
error: failed to push some refs to 'https://github.com/bobsheehan23/lhm.git'
hint: Updates were rejected because the remote contains work that you do not
hint: have locally. This is usually caused by another repository pushing to
hint: the same ref. If you want to integrate the remote changes, use
hint: 'git pull' before pushing again.
hint: See the 'Note about fast-forwards' in 'git push --help' for details.

[2026-01-29 03:52:36] CLOUD SYNC: Starting...
[2026-01-29 03:52:36] CLOUD SYNC [iCloud]: Mount point not found, skipping.
[2026-01-29 03:52:39] CLOUD SYNC [GDrive]: Copied Lighthouse_Master_20260129.db
[2026-01-29 03:52:39] CLOUD SYNC [GDrive]: Synced Strategy/
[2026-01-29 03:52:39] CLOUD SYNC [GDrive]: Synced Brand/
[2026-01-29 03:52:40] CLOUD SYNC [Dropbox]: Copied Lighthouse_Master_20260129.db
[2026-01-29 03:52:40] ----------------------------------------
[2026-01-29 03:52:40] SYNC SUMMARY:
[2026-01-29 03:52:40]   GitHub: FAILED
[2026-01-29 03:52:40]   Cloud: OK
[2026-01-29 03:52:40] ============================================================
